

Microchip MPLAB XC8 Assembler V2.46 build 20240104201356 
                                                                                               Tue Oct 01 22:39:11 2024

Microchip MPLAB XC8 C Compiler v2.46 (Free license) build 20240104201356 Og1 
     1                           	processor	18F57Q43
     2                           	fnconf	rparam,??,?,0
     3                           	pagewidth 120
     4                           	opt	flic
     5                           	psect	cinit,global,reloc=2,class=CODE,delta=1
     6                           	psect	cstackCOMRAM,global,class=COMRAM,space=1,delta=1,lowdata,noexec
     7                           	psect	text0,global,reloc=2,class=CODE,delta=1
     8                           	psect	text1,global,reloc=2,class=CODE,delta=1
     9                           	psect	text2,global,reloc=2,class=CODE,delta=1
    10                           	psect	text3,global,reloc=2,class=CODE,delta=1
    11                           	psect	smallconst,global,reloc=2,class=SMALLCONST,delta=1,noexec
    12                           	psect	intsave_regs,global,class=BIGRAM,space=1,delta=1,noexec
    13                           	psect	rparam,global,class=COMRAM,space=1,delta=1,noexec
    14                           	psect	config,global,abs,ovrld,class=CONFIG,space=4,delta=1,noexec
    15   000000                     
    16                           ; Generated 18/12/2023 GMT
    17                           ; 
    18                           ; Copyright © 2023, Microchip Technology Inc. and its subsidiaries ("Microchip")
    19                           ; All rights reserved.
    20                           ; 
    21                           ; This software is developed by Microchip Technology Inc. and its subsidiaries ("Microch
      +                          ip").
    22                           ; 
    23                           ; Redistribution and use in source and binary forms, with or without modification, are
    24                           ; permitted provided that the following conditions are met:
    25                           ; 
    26                           ;     1. Redistributions of source code must retain the above copyright notice, this lis
      +                          t of
    27                           ;        conditions and the following disclaimer.
    28                           ; 
    29                           ;     2. Redistributions in binary form must reproduce the above copyright notice, this 
      +                          list
    30                           ;        of conditions and the following disclaimer in the documentation and/or other
    31                           ;        materials provided with the distribution. Publication is not required when
    32                           ;        this file is used in an embedded application.
    33                           ; 
    34                           ;     3. Microchip's name may not be used to endorse or promote products derived from th
      +                          is
    35                           ;        software without specific prior written permission.
    36                           ; 
    37                           ; THIS SOFTWARE IS PROVIDED BY MICROCHIP "AS IS" AND ANY EXPRESS OR IMPLIED WARRANTIES,
    38                           ; INCLUDING, BUT NOT LIMITED TO, THE IMPLIED WARRANTIES OF MERCHANTABILITY AND FITNESS F
      +                          OR
    39                           ; PURPOSE ARE DISCLAIMED.  IN NO EVENT SHALL MICROCHIP BE LIABLE FOR ANY DIRECT, INDIREC
      +                          T,
    40                           ; INCIDENTAL, SPECIAL, EXEMPLARY, OR CONSEQUENTIAL DAMAGES (INCLUDING BUT NOT LIMITED TO
    41                           ; PROCUREMENT OF SUBSTITUTE GOODS OR SERVICES; LOSS OF USE, DATA OR PROFITS; OR BUSINESS
    42                           ; INTERRUPTION) HOWSOEVER CAUSED AND ON ANY THEORY OF LIABILITY, WHETHER IN CONTRACT, ST
      +                          RICT
    43                           ; LIABILITY, OR TORT (INCLUDING NEGLIGENCE OR OTHERWISE) ARISING IN ANY WAY OUT OF THE U
      +                          SE OF
    44                           ; THIS SOFTWARE, EVEN IF ADVISED OF THE POSSIBILITY OF SUCH DAMAGE.
    45                           ; 
    46                           ; 
    47                           ; Code-generator required, PIC18F57Q43 Definitions
    48                           ; 
    49                           ; SFR Addresses
    50   000000                     _TRISCbits	set	1224
    51   000000                     _WPUCbits	set	1041
    52   000000                     _ODCONCbits	set	1042
    53   000000                     _SLRCONCbits	set	1043
    54   000000                     _WPUBbits	set	1033
    55   000000                     _ODCONBbits	set	1034
    56   000000                     _SLRCONBbits	set	1035
    57   000000                     _WPUDbits	set	1049
    58   000000                     _ODCONDbits	set	1050
    59   000000                     _SLRCONDbits	set	1051
    60   000000                     _WPUFbits	set	1065
    61   000000                     _ODCONFbits	set	1066
    62   000000                     _SLRCONFbits	set	1067
    63   000000                     _OSCCON1	set	173
    64   000000                     _ANSELBbits	set	1032
    65   000000                     _ANSELDbits	set	1048
    66   000000                     _ANSELFbits	set	1064
    67   000000                     _LATDbits	set	1217
    68   000000                     _LATFbits	set	1219
    69   000000                     _TRISBbits	set	1223
    70   000000                     _TRISDbits	set	1225
    71   000000                     _TRISFbits	set	1227
    72   000000                     _INLVLFbits	set	1068
    73   000000                     _PORTBbits	set	1231
    74   000000                     _INLVLDbits	set	1052
    75   000000                     _ANSELCbits	set	1040
    76   000000                     _INLVLBbits	set	1036
    77   000000                     _INLVLCbits	set	1044
    78   000000                     _PORTCbits	set	1232
    79                           
    80                           ; #config settings
    81                           
    82                           	psect	cinit
    83   002620                     __pcinit:
    84                           	callstack 0
    85   002620                     start_initialization:
    86                           	callstack 0
    87   002620                     __initialization:
    88                           	callstack 0
    89   002620                     end_of_initialization:
    90                           	callstack 0
    91   002620                     __end_of__initialization:
    92                           	callstack 0
    93   002620  0100               	movlb	0
    94   002622  EFC0  F012         	goto	_main	;jump to C main() function
    95                           
    96                           	psect	cstackCOMRAM
    97   000501                     __pcstackCOMRAM:
    98                           	callstack 0
    99   000501                     ??_read_Button:
   100                           
   101                           ; 1 bytes @ 0x0
   102   000501                     	ds	2
   103   000503                     read_Button@button:
   104                           	callstack 0
   105                           
   106                           ; 1 bytes @ 0x2
   107   000503                     	ds	1
   108   000504                     
   109                           ; 2 bytes @ 0x3
   110   000504                     	ds	2
   111   000506                     
   112                           ; 3 bytes @ 0x5
   113   000506                     	ds	3
   114   000509                     
   115                           ; 1 bytes @ 0x8
   116 ;;
   117 ;;Main: autosize = 0, tempsize = 0, incstack = 0, save=0
   118 ;;
   119 ;; *************** function _main *****************
   120 ;; Defined at:
   121 ;;		line 6 in file "main.c"
   122 ;; Parameters:    Size  Location     Type
   123 ;;  argc            2    3[COMRAM] int 
   124 ;;  argv            3    5[COMRAM] PTR PTR unsigned char 
   125 ;; Auto vars:     Size  Location     Type
   126 ;;		None
   127 ;; Return value:  Size  Location     Type
   128 ;;                  2    3[COMRAM] int 
   129 ;; Registers used:
   130 ;;		wreg, status,2, status,0, cstack
   131 ;; Tracked objects:
   132 ;;		On entry : 0/0
   133 ;;		On exit  : 0/0
   134 ;;		Unchanged: 0/0
   135 ;; Data sizes:     COMRAM   BANK5   BANK6   BANK7   BANK8   BANK9  BANK10  BANK11  BANK12  BANK13  BANK14  BANK15  BANK1
      +6  BANK17  BANK18  BANK19  BANK20  BANK21  BANK22  BANK23  BANK24  BANK25  BANK26  BANK27  BANK28  BANK29  BANK30  BANK3
      +1  BANK32  BANK33  BANK34  BANK35  BANK36
   136 ;;      Params:         5       0       0       0       0       0       0       0       0       0       0       0       
      +0       0       0       0       0       0       0       0       0       0       0       0       0       0       0       
      +0       0       0       0       0       0
   137 ;;      Locals:         0       0       0       0       0       0       0       0       0       0       0       0       
      +0       0       0       0       0       0       0       0       0       0       0       0       0       0       0       
      +0       0       0       0       0       0
   138 ;;      Temps:          0       0       0       0       0       0       0       0       0       0       0       0       
      +0       0       0       0       0       0       0       0       0       0       0       0       0       0       0       
      +0       0       0       0       0       0
   139 ;;      Totals:         5       0       0       0       0       0       0       0       0       0       0       0       
      +0       0       0       0       0       0       0       0       0       0       0       0       0       0       0       
      +0       0       0       0       0       0
   140 ;;Total ram usage:        5 bytes
   141 ;; Hardware stack levels required when called: 1
   142 ;; This function calls:
   143 ;;		_Clock_Init
   144 ;;		_GPIO_Init
   145 ;;		_read_Button
   146 ;; This function is called by:
   147 ;;		Startup code after reset
   148 ;; This function uses a non-reentrant model
   149 ;;
   150                           
   151                           	psect	text0
   152   002580                     __ptext0:
   153                           	callstack 0
   154   002580                     _main:
   155                           	callstack 126
   156   002580                     
   157                           ;main.c: 8:     Clock_Init();
   158   002580  EC0C  F013         	call	_Clock_Init	;wreg free
   159   002584                     
   160                           ;main.c: 9:     GPIO_Init();
   161   002584  ECE6  F012         	call	_GPIO_Init	;wreg free
   162   002588                     l820:
   163                           
   164                           ;main.c: 12:     {;main.c: 14:         if(read_Button(BUTTON_INTERNAL))
   165   002588  0E00               	movlw	0
   166   00258A  EC81  F012         	call	_read_Button
   167   00258E  0900               	iorlw	0
   168   002590  B4D8               	btfsc	status,2,c
   169   002592  EFCD  F012         	goto	u91
   170   002596  EFCF  F012         	goto	u90
   171   00259A                     u91:
   172   00259A  EFD2  F012         	goto	l84
   173   00259E                     u90:
   174   00259E                     
   175                           ;main.c: 15:         {;main.c: 16:             LATFbits.LATF3 = 0;
   176   00259E  96C3               	bcf	195,3,c	;volatile
   177                           
   178                           ;main.c: 17:         }
   179   0025A0  EFD3  F012         	goto	l824
   180   0025A4                     l84:
   181                           
   182                           ;main.c: 19:         {;main.c: 20:             LATFbits.LATF3 = 1;
   183   0025A4  86C3               	bsf	195,3,c	;volatile
   184   0025A6                     l824:
   185                           
   186                           ;main.c: 24:         if(read_Button(BUTTON_EXTERNAL_1))
   187   0025A6  0E01               	movlw	1
   188   0025A8  EC81  F012         	call	_read_Button
   189   0025AC  0900               	iorlw	0
   190   0025AE  B4D8               	btfsc	status,2,c
   191   0025B0  EFDC  F012         	goto	u101
   192   0025B4  EFDE  F012         	goto	u100
   193   0025B8                     u101:
   194   0025B8  EFE1  F012         	goto	l86
   195   0025BC                     u100:
   196   0025BC                     
   197                           ;main.c: 25:         {;main.c: 26:             LATDbits.LATD0 = 0;
   198   0025BC  90C1               	bcf	193,0,c	;volatile
   199                           
   200                           ;main.c: 27:         }
   201   0025BE  EFC4  F012         	goto	l820
   202   0025C2                     l86:
   203                           
   204                           ;main.c: 29:         {;main.c: 30:             LATDbits.LATD0 = 1;
   205   0025C2  80C1               	bsf	193,0,c	;volatile
   206   0025C4  EFC4  F012         	goto	l820
   207   0025C8  EFFE  F0FF         	goto	start
   208   0025CC                     __end_of_main:
   209                           	callstack 0
   210                           
   211 ;; *************** function _read_Button *****************
   212 ;; Defined at:
   213 ;;		line 60 in file "gpio.c"
   214 ;; Parameters:    Size  Location     Type
   215 ;;  button          1    wreg     enum E17436
   216 ;; Auto vars:     Size  Location     Type
   217 ;;  button          1    2[COMRAM] enum E17436
   218 ;; Return value:  Size  Location     Type
   219 ;;                  1    wreg      _Bool 
   220 ;; Registers used:
   221 ;;		wreg, status,2, status,0
   222 ;; Tracked objects:
   223 ;;		On entry : 0/0
   224 ;;		On exit  : 0/0
   225 ;;		Unchanged: 0/0
   226 ;; Data sizes:     COMRAM   BANK5   BANK6   BANK7   BANK8   BANK9  BANK10  BANK11  BANK12  BANK13  BANK14  BANK15  BANK1
      +6  BANK17  BANK18  BANK19  BANK20  BANK21  BANK22  BANK23  BANK24  BANK25  BANK26  BANK27  BANK28  BANK29  BANK30  BANK3
      +1  BANK32  BANK33  BANK34  BANK35  BANK36
   227 ;;      Params:         0       0       0       0       0       0       0       0       0       0       0       0       
      +0       0       0       0       0       0       0       0       0       0       0       0       0       0       0       
      +0       0       0       0       0       0
   228 ;;      Locals:         1       0       0       0       0       0       0       0       0       0       0       0       
      +0       0       0       0       0       0       0       0       0       0       0       0       0       0       0       
      +0       0       0       0       0       0
   229 ;;      Temps:          2       0       0       0       0       0       0       0       0       0       0       0       
      +0       0       0       0       0       0       0       0       0       0       0       0       0       0       0       
      +0       0       0       0       0       0
   230 ;;      Totals:         3       0       0       0       0       0       0       0       0       0       0       0       
      +0       0       0       0       0       0       0       0       0       0       0       0       0       0       0       
      +0       0       0       0       0       0
   231 ;;Total ram usage:        3 bytes
   232 ;; Hardware stack levels used: 1
   233 ;; This function calls:
   234 ;;		Nothing
   235 ;; This function is called by:
   236 ;;		_main
   237 ;; This function uses a non-reentrant model
   238 ;;
   239                           
   240                           	psect	text1
   241   002502                     __ptext1:
   242                           	callstack 0
   243   002502                     _read_Button:
   244                           	callstack 126
   245                           
   246                           ;incstack = 0
   247                           ;read_Button@button stored from wreg
   248   002502  6E03               	movwf	read_Button@button^(0+1280),c
   249   002504                     
   250                           ;gpio.c: 60: _Bool read_Button(button_t button);gpio.c: 61: {;gpio.c: 63:     switch(but
      +                          ton)
   251   002504  EFA5  F012         	goto	l774
   252   002508                     l64:
   253                           
   254                           ;gpio.c: 66:             return (PORTBbits.RB4 == 0);
   255   002508  A8CF               	btfss	207,4,c	;volatile
   256   00250A  EF89  F012         	goto	u11
   257   00250E  EF8C  F012         	goto	u10
   258   002512                     u11:
   259   002512  0E01               	movlw	1
   260   002514  EF8D  F012         	goto	u20
   261   002518                     u10:
   262   002518  0E00               	movlw	0
   263   00251A                     u20:
   264   00251A  EFBF  F012         	goto	l65
   265   00251E                     l66:
   266                           
   267                           ;gpio.c: 69:             return (PORTCbits.RC4 == 0);
   268   00251E  A8D0               	btfss	208,4,c	;volatile
   269   002520  EF94  F012         	goto	u31
   270   002524  EF97  F012         	goto	u30
   271   002528                     u31:
   272   002528  0E01               	movlw	1
   273   00252A  EF98  F012         	goto	u40
   274   00252E                     u30:
   275   00252E  0E00               	movlw	0
   276   002530                     u40:
   277   002530  EFBF  F012         	goto	l65
   278   002534                     l67:
   279                           
   280                           ;gpio.c: 72:             return (PORTCbits.RC5 == 0);
   281   002534  AAD0               	btfss	208,5,c	;volatile
   282   002536  EF9F  F012         	goto	u51
   283   00253A  EFA2  F012         	goto	u50
   284   00253E                     u51:
   285   00253E  0E01               	movlw	1
   286   002540  EFA3  F012         	goto	u60
   287   002544                     u50:
   288   002544  0E00               	movlw	0
   289   002546                     u60:
   290   002546  EFBF  F012         	goto	l65
   291   00254A                     l774:
   292   00254A  5003               	movf	read_Button@button^(0+1280),w,c
   293   00254C  6E01               	movwf	??_read_Button^(0+1280),c
   294   00254E  6A02               	clrf	(??_read_Button+1)^(0+1280),c
   295                           
   296                           ; Switch on 2 bytes has been partitioned into a top level switch of size 1, and 1 sub-sw
      +                          itches
   297                           ; Switch size 1, requested type "simple"
   298                           ; Number of cases is 1, Range of values is 0 to 0
   299                           ; switch strategies available:
   300                           ; Name         Instructions Cycles
   301                           ; simple_byte            4     3 (average)
   302                           ;	Chosen strategy is simple_byte
   303   002550  5002               	movf	(??_read_Button+1)^(0+1280),w,c
   304   002552  0A00               	xorlw	0	; case 0
   305   002554  B4D8               	btfsc	status,2,c
   306   002556  EFAF  F012         	goto	l848
   307   00255A  EFBE  F012         	goto	l776
   308   00255E                     l848:
   309                           
   310                           ; Switch size 1, requested type "simple"
   311                           ; Number of cases is 3, Range of values is 0 to 2
   312                           ; switch strategies available:
   313                           ; Name         Instructions Cycles
   314                           ; simple_byte           10     6 (average)
   315                           ;	Chosen strategy is simple_byte
   316   00255E  5001               	movf	??_read_Button^(0+1280),w,c
   317   002560  0A00               	xorlw	0	; case 0
   318   002562  B4D8               	btfsc	status,2,c
   319   002564  EF84  F012         	goto	l64
   320   002568  0A01               	xorlw	1	; case 1
   321   00256A  B4D8               	btfsc	status,2,c
   322   00256C  EF8F  F012         	goto	l66
   323   002570  0A03               	xorlw	3	; case 2
   324   002572  B4D8               	btfsc	status,2,c
   325   002574  EF9A  F012         	goto	l67
   326   002578  EFBE  F012         	goto	l776
   327   00257C                     l776:
   328                           
   329                           ;gpio.c: 75:     return 0;
   330   00257C  0E00               	movlw	0
   331   00257E                     l65:
   332   00257E  0012               	return		;funcret
   333   002580                     __end_of_read_Button:
   334                           	callstack 0
   335                           
   336 ;; *************** function _GPIO_Init *****************
   337 ;; Defined at:
   338 ;;		line 3 in file "gpio.c"
   339 ;; Parameters:    Size  Location     Type
   340 ;;		None
   341 ;; Auto vars:     Size  Location     Type
   342 ;;		None
   343 ;; Return value:  Size  Location     Type
   344 ;;                  1    wreg      void 
   345 ;; Registers used:
   346 ;;		None
   347 ;; Tracked objects:
   348 ;;		On entry : 0/0
   349 ;;		On exit  : 0/0
   350 ;;		Unchanged: 0/0
   351 ;; Data sizes:     COMRAM   BANK5   BANK6   BANK7   BANK8   BANK9  BANK10  BANK11  BANK12  BANK13  BANK14  BANK15  BANK1
      +6  BANK17  BANK18  BANK19  BANK20  BANK21  BANK22  BANK23  BANK24  BANK25  BANK26  BANK27  BANK28  BANK29  BANK30  BANK3
      +1  BANK32  BANK33  BANK34  BANK35  BANK36
   352 ;;      Params:         0       0       0       0       0       0       0       0       0       0       0       0       
      +0       0       0       0       0       0       0       0       0       0       0       0       0       0       0       
      +0       0       0       0       0       0
   353 ;;      Locals:         0       0       0       0       0       0       0       0       0       0       0       0       
      +0       0       0       0       0       0       0       0       0       0       0       0       0       0       0       
      +0       0       0       0       0       0
   354 ;;      Temps:          0       0       0       0       0       0       0       0       0       0       0       0       
      +0       0       0       0       0       0       0       0       0       0       0       0       0       0       0       
      +0       0       0       0       0       0
   355 ;;      Totals:         0       0       0       0       0       0       0       0       0       0       0       0       
      +0       0       0       0       0       0       0       0       0       0       0       0       0       0       0       
      +0       0       0       0       0       0
   356 ;;Total ram usage:        0 bytes
   357 ;; Hardware stack levels used: 1
   358 ;; This function calls:
   359 ;;		Nothing
   360 ;; This function is called by:
   361 ;;		_main
   362 ;; This function uses a non-reentrant model
   363 ;;
   364                           
   365                           	psect	text2
   366   0025CC                     __ptext2:
   367                           	callstack 0
   368   0025CC                     _GPIO_Init:
   369                           	callstack 126
   370   0025CC                     
   371                           ;gpio.c: 7:     ANSELFbits.ANSELF3 = 0;
   372   0025CC  0104               	movlb	4	; () banked
   373   0025CE  9728               	bcf	40,3,b	;volatile
   374                           
   375                           ;gpio.c: 8:     SLRCONFbits.SLRF3 = 1;
   376   0025D0  872B               	bsf	43,3,b	;volatile
   377                           
   378                           ;gpio.c: 9:     INLVLFbits.INLVLF3 = 0;
   379   0025D2  972C               	bcf	44,3,b	;volatile
   380                           
   381                           ;gpio.c: 10:     ODCONFbits.ODCF3 = 0;
   382   0025D4  972A               	bcf	42,3,b	;volatile
   383                           
   384                           ;gpio.c: 11:     WPUFbits.WPUF3 = 0;
   385   0025D6  9729               	bcf	41,3,b	;volatile
   386                           
   387                           ;gpio.c: 12:     TRISFbits.TRISF3 = 0;
   388   0025D8  96CB               	bcf	203,3,c	;volatile
   389                           
   390                           ;gpio.c: 16:     ANSELDbits.ANSELD0 = 0;
   391   0025DA  9118               	bcf	24,0,b	;volatile
   392                           
   393                           ;gpio.c: 17:     SLRCONDbits.SLRD0 = 1;
   394   0025DC  811B               	bsf	27,0,b	;volatile
   395                           
   396                           ;gpio.c: 18:     INLVLDbits.INLVLD0 = 0;
   397   0025DE  911C               	bcf	28,0,b	;volatile
   398                           
   399                           ;gpio.c: 19:     ODCONDbits.ODCD0 = 0;
   400   0025E0  911A               	bcf	26,0,b	;volatile
   401                           
   402                           ;gpio.c: 20:     WPUDbits.WPUD0 = 0;
   403   0025E2  9119               	bcf	25,0,b	;volatile
   404                           
   405                           ;gpio.c: 21:     TRISDbits.TRISD0 = 0;
   406   0025E4  90C9               	bcf	201,0,c	;volatile
   407                           
   408                           ;gpio.c: 25:     ANSELDbits.ANSELD1 = 0;
   409   0025E6  9318               	bcf	24,1,b	;volatile
   410                           
   411                           ;gpio.c: 26:     SLRCONDbits.SLRD1 = 1;
   412   0025E8  831B               	bsf	27,1,b	;volatile
   413                           
   414                           ;gpio.c: 27:     INLVLDbits.INLVLD1 = 0;
   415   0025EA  931C               	bcf	28,1,b	;volatile
   416                           
   417                           ;gpio.c: 28:     ODCONDbits.ODCD1 = 1;
   418   0025EC  831A               	bsf	26,1,b	;volatile
   419                           
   420                           ;gpio.c: 29:     WPUDbits.WPUD1 = 0;
   421   0025EE  9319               	bcf	25,1,b	;volatile
   422                           
   423                           ;gpio.c: 30:     TRISDbits.TRISD1 = 0;
   424   0025F0  92C9               	bcf	201,1,c	;volatile
   425                           
   426                           ;gpio.c: 34:     ANSELBbits.ANSELB4 = 0;
   427   0025F2  9908               	bcf	8,4,b	;volatile
   428                           
   429                           ;gpio.c: 35:     SLRCONBbits.SLRB4 = 1;
   430   0025F4  890B               	bsf	11,4,b	;volatile
   431                           
   432                           ;gpio.c: 36:     INLVLBbits.INLVLB4 = 0;
   433   0025F6  990C               	bcf	12,4,b	;volatile
   434                           
   435                           ;gpio.c: 37:     ODCONBbits.ODCB4 = 1;
   436   0025F8  890A               	bsf	10,4,b	;volatile
   437                           
   438                           ;gpio.c: 38:     WPUBbits.WPUB4 = 1;
   439   0025FA  8909               	bsf	9,4,b	;volatile
   440                           
   441                           ;gpio.c: 39:     TRISBbits.TRISB4 = 1;
   442   0025FC  88C7               	bsf	199,4,c	;volatile
   443                           
   444                           ;gpio.c: 43:     ANSELCbits.ANSELC4 = 0;
   445   0025FE  9910               	bcf	16,4,b	;volatile
   446                           
   447                           ;gpio.c: 44:     SLRCONCbits.SLRC4 = 1;
   448   002600  8913               	bsf	19,4,b	;volatile
   449                           
   450                           ;gpio.c: 45:     INLVLCbits.INLVLC4 = 0;
   451   002602  9914               	bcf	20,4,b	;volatile
   452                           
   453                           ;gpio.c: 46:     ODCONCbits.ODCC4 = 1;
   454   002604  8912               	bsf	18,4,b	;volatile
   455                           
   456                           ;gpio.c: 47:     WPUCbits.WPUC4 = 1;
   457   002606  8911               	bsf	17,4,b	;volatile
   458                           
   459                           ;gpio.c: 48:     TRISCbits.TRISC4 = 1;
   460   002608  88C8               	bsf	200,4,c	;volatile
   461                           
   462                           ;gpio.c: 52:     ANSELCbits.ANSELC5 = 0;
   463   00260A  9B10               	bcf	16,5,b	;volatile
   464                           
   465                           ;gpio.c: 53:     SLRCONCbits.SLRC5 = 1;
   466   00260C  8B13               	bsf	19,5,b	;volatile
   467                           
   468                           ;gpio.c: 54:     INLVLCbits.INLVLC5 = 0;
   469   00260E  9B14               	bcf	20,5,b	;volatile
   470                           
   471                           ;gpio.c: 55:     ODCONCbits.ODCC5 = 1;
   472   002610  8B12               	bsf	18,5,b	;volatile
   473                           
   474                           ;gpio.c: 56:     WPUCbits.WPUC5 = 1;
   475   002612  8B11               	bsf	17,5,b	;volatile
   476                           
   477                           ;gpio.c: 57:     TRISCbits.TRISC5 = 1;
   478   002614  8AC8               	bsf	200,5,c	;volatile
   479   002616                     
   480                           ; BSR set to: 4
   481   002616  0012               	return		;funcret
   482   002618                     __end_of_GPIO_Init:
   483                           	callstack 0
   484                           
   485 ;; *************** function _Clock_Init *****************
   486 ;; Defined at:
   487 ;;		line 57 in file "config.c"
   488 ;; Parameters:    Size  Location     Type
   489 ;;		None
   490 ;; Auto vars:     Size  Location     Type
   491 ;;		None
   492 ;; Return value:  Size  Location     Type
   493 ;;                  1    wreg      void 
   494 ;; Registers used:
   495 ;;		wreg, status,2
   496 ;; Tracked objects:
   497 ;;		On entry : 0/0
   498 ;;		On exit  : 0/0
   499 ;;		Unchanged: 0/0
   500 ;; Data sizes:     COMRAM   BANK5   BANK6   BANK7   BANK8   BANK9  BANK10  BANK11  BANK12  BANK13  BANK14  BANK15  BANK1
      +6  BANK17  BANK18  BANK19  BANK20  BANK21  BANK22  BANK23  BANK24  BANK25  BANK26  BANK27  BANK28  BANK29  BANK30  BANK3
      +1  BANK32  BANK33  BANK34  BANK35  BANK36
   501 ;;      Params:         0       0       0       0       0       0       0       0       0       0       0       0       
      +0       0       0       0       0       0       0       0       0       0       0       0       0       0       0       
      +0       0       0       0       0       0
   502 ;;      Locals:         0       0       0       0       0       0       0       0       0       0       0       0       
      +0       0       0       0       0       0       0       0       0       0       0       0       0       0       0       
      +0       0       0       0       0       0
   503 ;;      Temps:          0       0       0       0       0       0       0       0       0       0       0       0       
      +0       0       0       0       0       0       0       0       0       0       0       0       0       0       0       
      +0       0       0       0       0       0
   504 ;;      Totals:         0       0       0       0       0       0       0       0       0       0       0       0       
      +0       0       0       0       0       0       0       0       0       0       0       0       0       0       0       
      +0       0       0       0       0       0
   505 ;;Total ram usage:        0 bytes
   506 ;; Hardware stack levels used: 1
   507 ;; This function calls:
   508 ;;		Nothing
   509 ;; This function is called by:
   510 ;;		_main
   511 ;; This function uses a non-reentrant model
   512 ;;
   513                           
   514                           	psect	text3
   515   002618                     __ptext3:
   516                           	callstack 0
   517   002618                     _Clock_Init:
   518                           	callstack 126
   519   002618                     
   520                           ;config.c: 59:     OSCCON1 = 0b0110000;
   521   002618  0E30               	movlw	48
   522   00261A  0100               	movlb	0	; () banked
   523   00261C  6FAD               	movwf	173,b	;volatile
   524   00261E                     
   525                           ; BSR set to: 0
   526   00261E  0012               	return		;funcret
   527   002620                     __end_of_Clock_Init:
   528                           	callstack 0
   529                           
   530                           	psect	smallconst
   531   002500                     __psmallconst:
   532                           	callstack 0
   533   002500  00                 	db	0
   534   002501  00                 	db	0	; dummy byte at the end
   535   000000                     
   536                           	psect	rparam
   537   000000                     
   538                           	psect	config
   539                           
   540                           ;Config register CONFIG1 @ 0x300000
   541                           ;	External Oscillator Selection
   542                           ;	FEXTOSC = OFF, Oscillator not enabled
   543                           ;	Reset Oscillator Selection
   544                           ;	RSTOSC = HFINTOSC_64MHZ, HFINTOSC with HFFRQ = 64 MHz and CDIV = 1:1
   545   300000                     	org	3145728
   546   300000  8C                 	db	140
   547                           
   548                           ;Config register CONFIG2 @ 0x300001
   549                           ;	Clock out Enable bit
   550                           ;	CLKOUTEN = OFF, CLKOUT function is disabled
   551                           ;	PRLOCKED One-Way Set Enable bit
   552                           ;	PR1WAY = OFF, PRLOCKED bit can be set and cleared repeatedly
   553                           ;	Clock Switch Enable bit
   554                           ;	CSWEN = ON, Writing to NOSC and NDIV is allowed
   555                           ;	Fail-Safe Clock Monitor Enable bit
   556                           ;	FCMEN = ON, Fail-Safe Clock Monitor enabled
   557   300001                     	org	3145729
   558   300001  FD                 	db	253
   559                           
   560                           ;Config register CONFIG3 @ 0x300002
   561                           ;	MCLR Enable bit
   562                           ;	MCLRE = EXTMCLR, If LVP = 0, MCLR pin is MCLR; If LVP = 1, RE3 pin function is MCLR
   563                           ;	Power-up timer selection bits
   564                           ;	PWRTS = PWRT_OFF, PWRT is disabled
   565                           ;	Multi-vector enable bit
   566                           ;	MVECEN = ON, Multi-vector enabled, Vector table used for interrupts
   567                           ;	IVTLOCK bit One-way set enable bit
   568                           ;	IVT1WAY = ON, IVTLOCKED bit can be cleared and set only once
   569                           ;	Low Power BOR Enable bit
   570                           ;	LPBOREN = OFF, Low-Power BOR disabled
   571                           ;	Brown-out Reset Enable bits
   572                           ;	BOREN = OFF, Brown-out Reset disabled
   573   300002                     	org	3145730
   574   300002  3F                 	db	63
   575                           
   576                           ;Config register CONFIG4 @ 0x300003
   577                           ;	Brown-out Reset Voltage Selection bits
   578                           ;	BORV = VBOR_1P9, Brown-out Reset Voltage (VBOR) set to 1.9V
   579                           ;	ZCD Disable bit
   580                           ;	ZCD = OFF, ZCD module is disabled. ZCD can be enabled by setting the ZCDSEN bit of ZCD
      +                          CON
   581                           ;	PPSLOCK bit One-Way Set Enable bit
   582                           ;	PPS1WAY = ON, PPSLOCKED bit can be cleared and set only once; PPS registers remain loc
      +                          ked after one clear/set cycle
   583                           ;	Stack Full/Underflow Reset Enable bit
   584                           ;	STVREN = ON, Stack full/underflow will cause Reset
   585                           ;	Low Voltage Programming Enable bit
   586                           ;	LVP = ON, Low voltage programming enabled. MCLR/VPP pin function is MCLR. MCLRE config
      +                          uration bit is ignored
   587                           ;	Extended Instruction Set Enable bit
   588                           ;	XINST = OFF, Extended Instruction Set and Indexed Addressing Mode disabled
   589   300003                     	org	3145731
   590   300003  FF                 	db	255
   591                           
   592                           ;Config register CONFIG5 @ 0x300004
   593                           ;	WDT Period selection bits
   594                           ;	WDTCPS = WDTCPS_31, Divider ratio 1:65536; software control of WDTPS
   595                           ;	WDT operating mode
   596                           ;	WDTE = OFF, WDT Disabled; SWDTEN is ignored
   597   300004                     	org	3145732
   598   300004  9F                 	db	159
   599                           
   600                           ;Config register CONFIG6 @ 0x300005
   601                           ;	WDT Window Select bits
   602                           ;	WDTCWS = WDTCWS_7, window always open (100%); software control; keyed access not requi
      +                          red
   603                           ;	WDT input clock selector
   604                           ;	WDTCCS = SC, Software Control
   605   300005                     	org	3145733
   606   300005  FF                 	db	255
   607                           
   608                           ;Config register CONFIG7 @ 0x300006
   609                           ;	Boot Block Size selection bits
   610                           ;	BBSIZE = BBSIZE_512, Boot Block size is 512 words
   611                           ;	Boot Block enable bit
   612                           ;	BBEN = OFF, Boot block disabled
   613                           ;	Storage Area Flash enable bit
   614                           ;	SAFEN = OFF, SAF disabled
   615                           ;	Background Debugger
   616                           ;	DEBUG = ON, Background Debugger enabled
   617   300006                     	org	3145734
   618   300006  DF                 	db	223
   619                           
   620                           ;Config register CONFIG8 @ 0x300007
   621                           ;	Boot Block Write Protection bit
   622                           ;	WRTB = OFF, Boot Block not Write protected
   623                           ;	Configuration Register Write Protection bit
   624                           ;	WRTC = OFF, Configuration registers not Write protected
   625                           ;	Data EEPROM Write Protection bit
   626                           ;	WRTD = OFF, Data EEPROM not Write protected
   627                           ;	SAF Write protection bit
   628                           ;	WRTSAF = OFF, SAF not Write Protected
   629                           ;	Application Block write protection bit
   630                           ;	WRTAPP = OFF, Application Block not write protected
   631   300007                     	org	3145735
   632   300007  FF                 	db	255
   633                           
   634                           ;Config register CONFIG10 @ 0x300009
   635                           ;	PFM and Data EEPROM Code Protection bit
   636                           ;	CP = OFF, PFM and Data EEPROM code protection disabled
   637   300009                     	org	3145737
   638   300009  FF                 	db	255
   639                           tosu	equ	0x4FF
   640                           tosh	equ	0x4FE
   641                           tosl	equ	0x4FD
   642                           stkptr	equ	0x4FC
   643                           pclatu	equ	0x4FB
   644                           pclath	equ	0x4FA
   645                           pcl	equ	0x4F9
   646                           tblptru	equ	0x4F8
   647                           tblptrh	equ	0x4F7
   648                           tblptrl	equ	0x4F6
   649                           tablat	equ	0x4F5
   650                           prodh	equ	0x4F4
   651                           prodl	equ	0x4F3
   652                           indf0	equ	0x4EF
   653                           postinc0	equ	0x4EE
   654                           postdec0	equ	0x4ED
   655                           preinc0	equ	0x4EC
   656                           plusw0	equ	0x4EB
   657                           fsr0h	equ	0x4EA
   658                           fsr0l	equ	0x4E9
   659                           wreg	equ	0x4E8
   660                           indf1	equ	0x4E7
   661                           postinc1	equ	0x4E6
   662                           postdec1	equ	0x4E5
   663                           preinc1	equ	0x4E4
   664                           plusw1	equ	0x4E3
   665                           fsr1h	equ	0x4E2
   666                           fsr1l	equ	0x4E1
   667                           bsr	equ	0x4E0
   668                           indf2	equ	0x4DF
   669                           postinc2	equ	0x4DE
   670                           postdec2	equ	0x4DD
   671                           preinc2	equ	0x4DC
   672                           plusw2	equ	0x4DB
   673                           fsr2h	equ	0x4DA
   674                           fsr2l	equ	0x4D9
   675                           status	equ	0x4D8

Data Sizes:
    Strings     0
    Constant    0
    Data        0
    BSS         0
    Persistent  0
    Stack       0

Auto Spaces:
    Space          Size  Autos    Used
    COMRAM           95      8       8
    BANK5           160      0       0
    BANK6           256      0       0
    BANK7           256      0       0
    BANK8           256      0       0
    BANK9           256      0       0
    BANK10          256      0       0
    BANK11          256      0       0
    BANK12          256      0       0
    BANK13          256      0       0
    BANK14          256      0       0
    BANK15          256      0       0
    BANK16          256      0       0
    BANK17          256      0       0
    BANK18          256      0       0
    BANK19          256      0       0
    BANK20          256      0       0
    BANK21          256      0       0
    BANK22          256      0       0
    BANK23          256      0       0
    BANK24          256      0       0
    BANK25          256      0       0
    BANK26          256      0       0
    BANK27          256      0       0
    BANK28          256      0       0
    BANK29          256      0       0
    BANK30          256      0       0
    BANK31          256      0       0
    BANK32          256      0       0
    BANK33          256      0       0
    BANK34          256      0       0
    BANK35          256      0       0
    BANK36          256      0       0

Pointer List with Targets:

    None.

Critical Paths under _main in COMRAM

    _main->_read_Button

Critical Paths under _main in BANK5

    None.

Critical Paths under _main in BANK6

    None.

Critical Paths under _main in BANK7

    None.

Critical Paths under _main in BANK8

    None.

Critical Paths under _main in BANK9

    None.

Critical Paths under _main in BANK10

    None.

Critical Paths under _main in BANK11

    None.

Critical Paths under _main in BANK12

    None.

Critical Paths under _main in BANK13

    None.

Critical Paths under _main in BANK14

    None.

Critical Paths under _main in BANK15

    None.

Critical Paths under _main in BANK16

    None.

Critical Paths under _main in BANK17

    None.

Critical Paths under _main in BANK18

    None.

Critical Paths under _main in BANK19

    None.

Critical Paths under _main in BANK20

    None.

Critical Paths under _main in BANK21

    None.

Critical Paths under _main in BANK22

    None.

Critical Paths under _main in BANK23

    None.

Critical Paths under _main in BANK24

    None.

Critical Paths under _main in BANK25

    None.

Critical Paths under _main in BANK26

    None.

Critical Paths under _main in BANK27

    None.

Critical Paths under _main in BANK28

    None.

Critical Paths under _main in BANK29

    None.

Critical Paths under _main in BANK30

    None.

Critical Paths under _main in BANK31

    None.

Critical Paths under _main in BANK32

    None.

Critical Paths under _main in BANK33

    None.

Critical Paths under _main in BANK34

    None.

Critical Paths under _main in BANK35

    None.

Critical Paths under _main in BANK36

    None.

Call Graph Tables:

 ---------------------------------------------------------------------------------
 (Depth) Function   	        Calls       Base Space   Used Autos Params    Refs
 ---------------------------------------------------------------------------------
 (0) _main                                                 5     0      5      15
                                              3 COMRAM     5     0      5
                         _Clock_Init
                          _GPIO_Init
                        _read_Button
 ---------------------------------------------------------------------------------
 (1) _read_Button                                          3     3      0      15
                                              0 COMRAM     3     3      0
 ---------------------------------------------------------------------------------
 (1) _GPIO_Init                                            0     0      0       0
 ---------------------------------------------------------------------------------
 (1) _Clock_Init                                           0     0      0       0
 ---------------------------------------------------------------------------------
 Estimated maximum stack depth 1
 ---------------------------------------------------------------------------------

 Call Graph Graphs:

 _main (ROOT)
   _Clock_Init
   _GPIO_Init
   _read_Button

 Address spaces:
Name               Size   Autos  Total    Cost      Usage
BITCOMRAM           5F      0       0       0        0.0%
EEDATA             400      0       0       0        0.0%
NULL                 0      0       0       0        0.0%
CODE                 0      0       0       0        0.0%
COMRAM              5F      8       8       1        8.4%
STACK                0      0       0       2        0.0%
DATA                 0      0       0       3        0.0%
BITBANK5            A0      0       0       4        0.0%
BANK5               A0      0       0       5        0.0%
BITBANK6           100      0       0       6        0.0%
BANK6              100      0       0       7        0.0%
BITBANK7           100      0       0       8        0.0%
BANK7              100      0       0       9        0.0%
BITBANK8           100      0       0      10        0.0%
BANK8              100      0       0      11        0.0%
BITBANK9           100      0       0      12        0.0%
BANK9              100      0       0      13        0.0%
BITBANK10          100      0       0      14        0.0%
BANK10             100      0       0      15        0.0%
BITBANK11          100      0       0      16        0.0%
BANK11             100      0       0      17        0.0%
BITBANK12          100      0       0      18        0.0%
BANK12             100      0       0      19        0.0%
BITBANK13          100      0       0      20        0.0%
BANK13             100      0       0      21        0.0%
BITBANK14          100      0       0      22        0.0%
BANK14             100      0       0      23        0.0%
BITBANK15          100      0       0      24        0.0%
BANK15             100      0       0      25        0.0%
BITBANK16          100      0       0      26        0.0%
BANK16             100      0       0      27        0.0%
BITBANK17          100      0       0      28        0.0%
BANK17             100      0       0      29        0.0%
BITBANK18          100      0       0      30        0.0%
BANK18             100      0       0      31        0.0%
BITBANK19          100      0       0      32        0.0%
BANK19             100      0       0      33        0.0%
BITBANK20          100      0       0      34        0.0%
BANK20             100      0       0      35        0.0%
BITBANK21          100      0       0      36        0.0%
BANK21             100      0       0      37        0.0%
BITBANK22          100      0       0      38        0.0%
BANK22             100      0       0      39        0.0%
BITBANK23          100      0       0      40        0.0%
BANK23             100      0       0      41        0.0%
BITBANK24          100      0       0      42        0.0%
BANK24             100      0       0      43        0.0%
BITBANK25          100      0       0      44        0.0%
BANK25             100      0       0      45        0.0%
BITBANK26          100      0       0      46        0.0%
BANK26             100      0       0      47        0.0%
BITBANK27          100      0       0      48        0.0%
BANK27             100      0       0      49        0.0%
BITBANK28          100      0       0      50        0.0%
BANK28             100      0       0      51        0.0%
BITBANK29          100      0       0      52        0.0%
BANK29             100      0       0      53        0.0%
BITBANK30          100      0       0      54        0.0%
BANK30             100      0       0      55        0.0%
BITBANK31          100      0       0      56        0.0%
BANK31             100      0       0      57        0.0%
ABS                  0      0       0      58        0.0%
BITBANK32          100      0       0      59        0.0%
BANK32             100      0       0      60        0.0%
BITBANK33          100      0       0      61        0.0%
BANK33             100      0       0      62        0.0%
BITBANK34          100      0       0      63        0.0%
BANK34             100      0       0      64        0.0%
BITBANK35          100      0       0      65        0.0%
BANK35             100      0       0      66        0.0%
BITBANK36          100      0       0      67        0.0%
BANK36             100      0       0      68        0.0%
BITBIGSFR_1        100      0       0      69        0.0%
BIGRAM            1FFF      0       0      70        0.0%
BITBIGSFRhhhhh      2F      0       0      71        0.0%
BITBIGSFRhhhhl       3      0       0      72        0.0%
BITBIGSFRhhhlh       1      0       0      73        0.0%
BITBIGSFRhhhlll      3      0       0      74        0.0%
BITBIGSFRhhhlll      1      0       0      75        0.0%
BITBIGSFRhhhlll     94      0       0      76        0.0%
BITBIGSFRhlhh        B      0       0      77        0.0%
BITBIGSFRhllhhh      3      0       0      78        0.0%
BITBIGSFRhllhhl      3      0       0      79        0.0%
BITBIGSFRhlll      35A      0       0      80        0.0%
BITBIGSFRl          AD      0       0      81        0.0%
BIGSFR_1             0      0       0     200        0.0%
BIGSFR               0      0       0     200        0.0%
BITSFR_6             0      0       0     200        0.0%
SFR_6                0      0       0     200        0.0%
BITSFR_5             0      0       0     200        0.0%
SFR_5                0      0       0     200        0.0%
BITSFR_4             0      0       0     200        0.0%
SFR_4                0      0       0     200        0.0%
BITSFR_3             0      0       0     200        0.0%
SFR_3                0      0       0     200        0.0%
BITSFR_2             0      0       0     200        0.0%
SFR_2                0      0       0     200        0.0%
BITSFR_1             0      0       0     200        0.0%
SFR_1                0      0       0     200        0.0%
BITSFR               0      0       0     200        0.0%
SFR                  0      0       0     200        0.0%


Microchip Technology PIC18 Macro Assembler V2.46 build 20240104201356 
Symbol Table                                                                                   Tue Oct 01 22:39:11 2024

                      l5 261E                       l60 2616                       l64 2508  
                     l65 257E                       l66 251E                       l67 2534  
                     l84 25A4                       l86 25C2                       u10 2518  
                     u11 2512                       u20 251A                       u30 252E  
                     u31 2528                       u40 2530                       u50 2544  
                     u51 253E                       u60 2546                       u90 259E  
                     u91 259A                      l820 2588                      l822 259E  
                    l824 25A6                      l816 2580                      l770 2504  
                    l826 25BC                      l818 2584                      l766 2618  
                    l774 254A                      l768 25CC                      l776 257C  
                    l848 255E                      u100 25BC                      u101 25B8  
                   _main 2580                     start FFFC             ___param_bank 0000  
             _Clock_Init 2618             ?_read_Button 0501                    ?_main 0504  
                  status 04D8          __initialization 2620             __end_of_main 25CC  
                 ??_main 0509            __activetblptr 0003        __end_of_GPIO_Init 2618  
      read_Button@button 0503              ?_Clock_Init 0501                   isa$std 0001  
           __mediumconst 0000               __accesstop 0560  __end_of__initialization 2620  
          ___rparam_used 0001           __pcstackCOMRAM 0501                  _OSCCON1 00AD  
                __Hparam 0000                  __Lparam 0000             __psmallconst 2500  
                __pcinit 2620                  __ramtop 2500                  __ptext0 2580  
                __ptext1 2502                  __ptext2 25CC                  __ptext3 2618  
              _GPIO_Init 25CC     end_of_initialization 2620             ??_Clock_Init 0501  
              _PORTBbits 04CF                _PORTCbits 04D0                _TRISBbits 04C7  
              _TRISCbits 04C8                _TRISDbits 04C9                _TRISFbits 04CB  
             ?_GPIO_Init 0501       __end_of_Clock_Init 2620      start_initialization 2620  
          ??_read_Button 0501              ??_GPIO_Init 0501              __smallconst 2500  
    __end_of_read_Button 2580                 _LATDbits 04C1                 _LATFbits 04C3  
               _WPUBbits 0409                 _WPUCbits 0411                 _WPUDbits 0419  
               _WPUFbits 0429                 __Hrparam 0000                 __Lrparam 0000  
            _read_Button 2502               _ANSELBbits 0408               _ANSELCbits 0410  
             _ANSELDbits 0418               _ANSELFbits 0428                 isa$xinst 0000  
             _ODCONBbits 040A               _ODCONCbits 0412               _ODCONDbits 041A  
             _ODCONFbits 042A                 main@argc 0504                 main@argv 0506  
             _INLVLBbits 040C               _INLVLCbits 0414               _INLVLDbits 041C  
             _INLVLFbits 042C              _SLRCONBbits 040B              _SLRCONCbits 0413  
            _SLRCONDbits 041B              _SLRCONFbits 042B  
